#** Path to fil.ini is /home/sean/Workspace/LISO/c/filter/fil.ini
#** Path to opamp.lib is /home/sean/Workspace/LISO/c/filter/opamp.lib
               0.1    -0.005850821514        179.7036125
      0.1015657839    -0.005885730999        179.6989719
      0.1031560847    -0.005921742418        179.6942586
      0.1047712861    -0.005958890559        179.6894715
      0.1064117781    -0.005997211309        179.6846095
      0.1080779566    -0.006036741689        179.6796714
      0.1097702239    -0.006077519887        179.6746559
      0.1114889884      -0.0061195853         179.669562
      0.1132346651    -0.006162978568        179.6643883
      0.1150076753    -0.006207741612        179.6591336
      0.1168084471     -0.00625391768        179.6537966
       0.118637415    -0.006301551387        179.6483761
      0.1204950206    -0.006350688753        179.6428707
      0.1223817122    -0.006401377256        179.6372791
      0.1242979455    -0.006453665871           179.6316
      0.1262441827    -0.006507605119        179.6258319
      0.1282208939    -0.006563247121        179.6199736
       0.130228556    -0.006620645641        179.6140236
      0.1322676539    -0.006679856143        179.6079804
      0.1343386796    -0.006740935841        179.6018426
       0.136442133     -0.00680394376        179.5956087
       0.138578522    -0.006868940787        179.5892772
      0.1407483623    -0.006935989734        179.5828467
      0.1429521776    -0.007005155396        179.5763154
      0.1451904998    -0.007076504618        179.5696819
      0.1474638693    -0.007150106355        179.5629446
      0.1497728349    -0.007226031741        179.5561018
      0.1521179539    -0.007304354159        179.5491518
      0.1544997924    -0.007385149309        179.5420931
      0.1569189254    -0.007468495286        179.5349239
      0.1593759367    -0.007554472651        179.5276425
      0.1618714196    -0.007643164512        179.5202471
      0.1644059763    -0.007734656603        179.5127359
      0.1669802186    -0.007829037369        179.5051071
      0.1695947681    -0.007926398049        179.4973589
      0.1722502557    -0.008026832768        179.4894895
      0.1749473226    -0.008130438625        179.4814969
      0.1776866197     -0.00823731579        179.4733791
      0.1804688082    -0.008347567599        179.4651343
      0.1832945599    -0.008461300655        179.4567605
      0.1861645567    -0.008578624933        179.4482555
      0.1890794914    -0.008699653885        179.4396175
      0.1920400677    -0.008824504549        179.4308443
      0.1950470003    -0.008953297667        179.4219337
      0.1981010149    -0.009086157797        179.4128837
      0.2012028488    -0.009223213439         179.403692
      0.2043532507    -0.009364597157        179.3943565
      0.2075529811    -0.009510445707        179.3848748
      0.2108028123    -0.009660900174        179.3752448
      0.2141035289    -0.009816106103        179.3654641
      0.2174559276    -0.009976213647        179.3555303
      0.2208608176     -0.01014137771         179.345441
      0.2243190208      -0.0103117581        179.3351938
       0.227831372     -0.01048751967        179.3247863
      0.2313987191     -0.01066883251        179.3142159
      0.2350219231     -0.01085587209        179.3034801
      0.2387018586     -0.01104881941        179.2925762
       0.242439414     -0.01124786124        179.2815018
      0.2462354914     -0.01145319024        179.2702541
      0.2500910072     -0.01166500517        179.2588303
      0.2540068921     -0.01188351108        179.2472278
      0.2579840912     -0.01210891954        179.2354438
      0.2620235647      -0.0123414488        179.2234754
      0.2661262876     -0.01258132402        179.2113197
      0.2702932503     -0.01282877752        179.1989739
      0.2745254586     -0.01308404895        179.1864349
      0.2788239342     -0.01334738558        179.1736997
      0.2831897145     -0.01361904251        179.1607652
      0.2876238536     -0.01389928291        179.1476284
      0.2921274218     -0.01418837832        179.1342862
       0.296701506     -0.01448660887        179.1207351
      0.3013472106     -0.01479426359        179.1069721
      0.3060656568     -0.01511164066        179.0929939
      0.3108579837     -0.01543904774        179.0787969
      0.3157253481     -0.01577680223        179.0643779
       0.320668925     -0.01612523161        179.0497334
      0.3256899075     -0.01648467378        179.0348599
      0.3307895078     -0.01685547731        179.0197537
      0.3359689568      -0.0172380019        179.0044112
      0.3412295048     -0.01763261863        178.9888289
      0.3465724216     -0.01803971038        178.9730028
      0.3519989969     -0.01845967219        178.9569293
      0.3575105407     -0.01889291167        178.9406044
      0.3631083833     -0.01933984936        178.9240242
      0.3687938761     -0.01980091918        178.9071849
      0.3745683914     -0.02027656885        178.8900822
      0.3804333232     -0.02076726034        178.8727121
      0.3863900871     -0.02127347029        178.8550705
       0.392440121     -0.02179569052        178.8371532
      0.3985848854      -0.0223344285        178.8189557
      0.4048258636     -0.02289020787        178.8004738
      0.4111645619     -0.02346356894         178.781703
      0.4176025106     -0.02405506921        178.7626389
      0.4241412637     -0.02466528397        178.7432768
      0.4307823995     -0.02529480683        178.7236121
      0.4375275212     -0.02594425035        178.7036401
      0.4443782569     -0.02661424659        178.6833561
      0.4513362603      -0.0273054478        178.6627552
       0.458403211     -0.02801852704        178.6418324
      0.4655808148     -0.02875417887        178.6205827
      0.4728708045        -0.02951312        178.5990011
      0.4802749396     -0.03029609007        178.5770824
      0.4877950075     -0.03110385235        178.5548214
      0.4954328235      -0.0319371945        178.5322127
      0.5031902311     -0.03279692941        178.5092509
      0.5110691029     -0.03368389594        178.4859306
      0.5190713409     -0.03459895984        178.4622462
      0.5271988766     -0.03554301457        178.4381921
       0.535453672     -0.03651698221        178.4137624
      0.5438377196     -0.03752181444        178.3889515
      0.5523530433     -0.03855849342        178.3637533
      0.5610016986     -0.03962803286        178.3381619
      0.5697857731     -0.04073147899        178.3121711
      0.5787073873     -0.04186991168        178.2857749
      0.5877686946     -0.04304444548        178.2589668
      0.5969718825      -0.0442562308        178.2317406
      0.6063191724     -0.04550645508        178.2040898
      0.6158128206     -0.04679634397        178.1760077
      0.6254551189     -0.04812716262        178.1474878
      0.6352483948     -0.04950021698        178.1185233
      0.6451950121     -0.05091685511        178.0891072
      0.6552973721     -0.05237846861        178.0592327
      0.6655579131     -0.05388649403        178.0288926
      0.6759791121     -0.05544241436        177.9980798
      0.6865634845     -0.05704776058         177.966787
      0.6973135853     -0.05870411323        177.9350068
      0.7082320095     -0.06041310408        177.9027317
      0.7193213926     -0.06217641781         177.869954
      0.7305844114     -0.06399579378         177.836666
      0.7420237849     -0.06587302789          177.80286
      0.7536422742      -0.0678099744        177.7685278
      0.7654426839     -0.06980854793        177.7336615
      0.7774278626     -0.07187072549        177.6982529
      0.7896007032     -0.07399854855        177.6622936
      0.8019641443     -0.07619412522        177.6257752
      0.8145211701      -0.0784596325        177.5886892
      0.8272748118     -0.08079731862        177.5510268
       0.840228148     -0.08320950541        177.5127793
      0.8533843054     -0.08569859084        177.4739377
      0.8667464599     -0.08826705162        177.4344929
      0.8803178368     -0.09091744582        177.3944358
      0.8941017122     -0.09365241571         177.353757
      0.9081014132     -0.09647469063        177.3124471
      0.9223203194     -0.09938708993        177.2704964
      0.9367618628      -0.1023925262        177.2278954
      0.9514295297      -0.1054940082         177.184634
      0.9663268605      -0.1086946447        177.1407022
      0.9814574514      -0.1119976473          177.09609
      0.9968249546      -0.1154063345        177.0507871
        1.01243308      -0.1189241353         177.004783
       1.028285594      -0.1225545929        176.9580672
       1.044386325       -0.126301369        176.9106289
       1.060739158      -0.1301682477        176.8624573
       1.077348042      -0.1341591399        176.8135414
       1.094216985      -0.1382780879        176.7638701
       1.111350058        -0.14252927         176.713432
       1.128751399      -0.1469170053        176.6622157
       1.146425207      -0.1514457589        176.6102095
       1.164375749      -0.1561201467        176.5574019
       1.182607358      -0.1609449415        176.5037807
       1.201124434      -0.1659250783        176.4493341
       1.219931448      -0.1710656601        176.3940498
       1.239032938      -0.1763719643        176.3379154
       1.258433517      -0.1818494488        176.2809185
       1.278137867      -0.1875037589        176.2230463
       1.298150745      -0.1933407342        176.1642861
       1.318476981      -0.1993664156        176.1046249
       1.339121481      -0.2055870529        176.0440496
       1.360089231      -0.2120091128        175.9825468
       1.381385289      -0.2186392868        175.9201033
       1.403014799      -0.2254844999        175.8567054
       1.424982979      -0.2325519194        175.7923394
       1.447295134      -0.2398489642        175.7269915
       1.469956649      -0.2473833142        175.6606476
       1.492972994      -0.2551629208        175.5932935
       1.516349725      -0.2631960172        175.5249151
       1.540092486      -0.2714911295        175.4554978
       1.564207007      -0.2800570879        175.3850272
       1.588699109      -0.2889030393        175.3134884
       1.613574704      -0.2980384594        175.2408668
       1.638839798      -0.3074731658        175.1671473
       1.664500489      -0.3172173322        175.0923148
        1.69056297      -0.3272815027        175.0163543
       1.717033534      -0.3376766063        174.9392504
       1.743918569      -0.3484139738        174.8609878
       1.771224566      -0.3595053533        174.7815509
       1.798958116      -0.3709629283        174.7009242
       1.827125913      -0.3827993357        174.6190922
       1.855734757       -0.395027685         174.536039
       1.884791554      -0.4076615783        174.4517489
       1.914303318      -0.4207151317        174.3662062
       1.944277172      -0.4342029971        174.2793951
       1.974720352       -0.448140386        174.1912996
       2.005640206      -0.4625430937        174.1019039
       2.037044198      -0.4774275256        174.0111923
       2.068939909      -0.4928107239        173.9191489
       2.101335038      -0.5087103968         173.825758
       2.134237405      -0.5251449484        173.7310039
       2.167654952      -0.5421335111        173.6348712
       2.201595745      -0.5596959787        173.5373444
       2.236067977      -0.5778530425        173.4384081
       2.271079971      -0.5966262288        173.3380474
       2.306640176      -0.6160379385        173.2362474
       2.342757178      -0.6361114896        173.1329935
       2.379439694      -0.6568711613        173.0282714
       2.416696579      -0.6783422416        172.9220671
       2.454536826      -0.7005510771        172.8143672
       2.492969569      -0.7235251264        172.7051583
       2.532004086      -0.7472930164        172.5944281
         2.5716498       -0.771884602        172.4821644
        2.61191628      -0.7973310302        172.3683558
       2.652813245      -0.8236648076        172.2529915
       2.694350569      -0.8509198727        172.1360618
       2.736538278      -0.8791316729        172.0175575
       2.779386555      -0.9083372463        171.8974706
       2.822905743      -0.9385753097        171.7757941
       2.867106348      -0.9698863518        171.6525222
       2.911999039       -1.002312734        171.5276506
       2.957594653       -1.035898796        171.4011762
       3.003904195       -1.070690972        171.2730977
       3.050938845       -1.106737913        171.1434156
       3.098709955       -1.144090621        171.0121323
       3.147229058       -1.182802586        170.8792524
       3.196507865       -1.222929945        170.7447831
       3.246558272        -1.26453164         170.608734
       3.297392361         -1.3076696        170.4711179
       3.349022401       -1.352408931        170.3319506
       3.401460856       -1.398818121        170.1912518
       3.454720384       -1.446969264        170.0490449
       3.508813841       -1.496938303        169.9053579
       3.563754285       -1.548805293        169.7602235
       3.619554977       -1.602654682        169.6136798
       3.676229388       -1.658575627         169.465771
       3.733791198       -1.716662323        169.3165476
       3.792254301        -1.77701438        169.1660677
        3.85163281       -1.839737218        169.0143973
       3.911941058       -1.904942509        168.8616114
       3.973193603       -1.972748655        168.7077952
       4.035405231       -2.043281321         168.553045
       4.098590958       -2.116674011        168.3974692
       4.162766037       -2.193068709        168.2411906
       4.227945959       -2.272616583         168.084347
       4.294146458       -2.355478762        167.9270939
       4.361383514       -2.441827202        167.7696063
       4.429673357       -2.531845642        167.6120808
       4.499032471       -2.625730663        167.4547388
       4.569477599       -2.723692882        167.2978297
       4.641025746       -2.825958272        167.1416338
       4.713694182       -2.932769646        166.9864675
       4.787500449       -3.044388321        166.8326873
       4.862462362       -3.161095994        166.6806959
       4.938598017       -3.283196856        166.5309484
       5.015925792       -3.411019984        166.3839602
       5.094464353       -3.544922059        166.2403155
       5.174232658       -3.685290453        166.1006784
       5.255249962        -3.83254677         165.965805
       5.337535822       -3.987150882         165.836558
       5.421110101       -4.149605591        165.7139248
       5.505992973       -4.320461998        165.5990383
       5.592204927       -4.500325722        165.4932024
       5.679766774       -4.689864141        165.3979233
        5.76869965        -4.88981484         165.314947
       5.859025023       -5.100995525        165.2463056
       5.950764696       -5.324315694        165.1943751
       6.043940815       -5.560790447        165.1619466
        6.13857587       -5.811556909        165.1523165
       6.234692705       -6.077893825        165.1693999
       6.332314523       -6.361245071        165.2178765
       6.431464887       -6.663247981        165.3033784
       6.532167731       -6.985767597        165.4327349
       6.634447365       -7.330938245        165.6142962
       6.738328477       -7.701214079        165.8583653
       6.843836142       -8.099430563        166.1777821
        6.95099583       -8.528879006        166.5887262
       7.059833407       -8.993396093        167.1118349
       7.170375145       -9.497469299        167.7737872
       7.282647727       -10.04635591        168.6095864
       7.396678256       -10.64620531        169.6659089
       7.512494257       -11.30415507        171.0061035
       7.630123686       -12.02832673        172.7177793
       7.749594938       -12.82754385        174.9244579
       7.870936851       -13.71035477        177.8034814
       7.994178717       -14.68239199       -178.3871601
       8.119350284       -15.73988775         -173.27237
       8.246481767       -16.85488636       -166.3258552
       8.375603854       -17.94563566       -156.8985446
       8.506747715       -18.83510658       -144.4857753
       8.639945005        -19.2523843       -129.4417173
       8.775227877       -18.98565937       -113.6142479
       8.912628986       -18.09048016       -99.44123887
         9.0521815       -16.82901093       -88.21440694
       9.193919104       -15.44526683       -79.86279148
       9.337876014       -14.07668357       -73.77050268
       9.484086977       -12.78054468       -69.32116749
       9.632587288       -11.57337327       -66.04690667
       9.783412794       -10.45436121        -63.6207614
       9.936599901       -9.416374269       -61.81849298
       10.09218559       -8.450638082       -60.48538309
       10.25020741        -7.54859241       -59.51300206
       10.41070351       -6.702536957       -58.82392107
       10.57371263       -5.905779052       -58.36178107
       10.73927413       -5.152587544       -58.08480222
       10.90742796       -4.438081753       -57.96148194
       11.07821472        -3.75810852       -57.96769441
       11.25167562       -3.109127796       -58.08469957
       11.42785255       -2.488113255       -58.29775183
       11.60678803       -1.892468673       -58.59511123
       11.78852526       -1.319958616       -58.96732903
       11.97310809      -0.7686513822       -59.40672387
        12.1605811      -0.2368720919       -59.90699184
       12.35098952       0.2768359203       -60.46291257
       12.54437934       0.7737429698       -61.07012463
       12.74079721        1.254959432         -61.724952
       12.94029057        1.721457736       -62.42426825
       13.14290756        2.174090772       -63.16538926
        13.3486971        2.613607393       -63.94598747
       13.55770886        3.040665546       -64.76402263
       13.76999328        3.455843461       -65.61768548
       13.98560163        3.859649256       -66.50535134
       14.20458593         4.25252924       -67.42554171
       14.42699906        4.634875134       -68.37689214
       14.65289469        5.007030417       -69.35812528
       14.88232737        5.369295927       -70.36802809
       15.11535246        5.721934861       -71.40543249
       15.35202622         6.06517726       -72.46919904
       15.59240578        6.399224079       -73.55820299
       15.83654917        6.724250892       -74.67132264
       16.08451531          7.0404113       -75.80742959
       16.33636407        7.347840077       -76.96538072
       16.59215624        7.646656093       -78.14401181
       16.85195356        7.936965032       -79.34213265
       17.11581874        8.218861935        -80.5585235
       17.38381548        8.492433571        -81.7919329
       17.65600847        8.757760647       -83.04107674
       17.93246342        9.014919867       -84.30463846
       18.21324705        9.263985832       -85.58127037
       18.49842715        9.505032781       -86.86959604
       18.78807255        9.738136184       -88.16821355
       19.08225318        9.963374159       -89.47569967
       19.38104004        10.18082873       -90.79061474
       19.68450525        10.39058691       -92.11150826
       19.99272207        10.59274163       -93.43692489
        20.3057649        10.78739242       -94.76541096
       20.62370931        10.97464607       -96.09552117
       20.94663204         11.1546169       -97.42582549
       21.27461104        11.32742709       -98.75491602
       21.60772549        11.49320669       -100.0814138
       21.94605578        11.65209352       -101.4039751
        22.2896836        11.80423299       -102.7212982
       22.63869189        11.94977771       -104.0321283
       22.99316489        12.08888703       -105.3352634
       23.35318818        12.22172648       -106.6295586
       23.71884865        12.34846714       -107.9139304
       24.09023457        12.46928491       -109.1873595
        24.4674356        12.58435978        -110.448894
       24.85054277        12.69387504       -111.6976508
       25.23964858        12.79801646       -112.9328173
       25.63484695        12.89697151       -114.1536515
       26.03623327        12.99092859       -115.3594825
       26.44390443        13.08007622       -116.5497093
       26.85795884        13.16460233          -117.7238
       27.27849645        13.24469357       -118.8812901
       27.70561876        13.32053465       -120.0217804
       28.13942889        13.39230778       -121.1449344
       28.58003155        13.46019208        -122.250476
        29.0275331        13.52436315       -123.3381863
       29.48204155        13.58499262       -124.4079003
       29.94366663        13.64224778       -125.4595042
       30.41251975        13.69629129       -126.4929313
        30.8887141        13.74728094       -127.5081595
       31.37236463        13.79536939       -128.5052071
       31.86358808         13.8407041       -129.4841303
       32.36250302        13.88342714       -130.4450191
        32.8692299         13.9236752       -131.3879949
       33.38389103         13.9615795       -132.3132071
       33.90661063        13.99726582         -133.22083
        34.4375149        14.03085456       -134.1110604
       34.97673198        14.06246076       -134.9841148
       35.52439203        14.09219421        -135.840227
       36.08062726        14.12015956       -136.6796455
       36.64557193        14.14645642       -137.5026319
       37.21936241         14.1711795       -138.3094583
       37.80213721        14.19441879       -139.1004059
       38.39403701        14.21625964        -139.875763
       38.99520467        14.23678302       -140.6358237
       39.60578533        14.25606559       -141.3808863
       40.22592636        14.27417993       -142.1112523
       40.85577745        14.29119467       -142.8272246
       41.49549066        14.30717469       -143.5291074
       42.14522039        14.32218128       -144.2172043
       42.80512348        14.33627227       -144.8918184
       43.47535923        14.34950224       -145.5532507
       44.15608943        14.36192267       -146.2018002
       44.84747839        14.37358206       -146.8377626
       45.54969301        14.38452611       -147.4614306
       46.26290279        14.39479787       -148.0730929
       46.98727989        14.40443786        -148.673034
       47.72299918         14.4134842        -149.261534
       48.47023823        14.42197277       -149.8388681
       49.22917744        14.42993731       -150.4053068
                50        14.43740955       -150.9611153
#LISO analog circuit simulation 2.03 (Oct 28 2011) gerhard.heinzel@aei.mpg.de
#  Input file liso6.fil, Output file liso6.out, Gnuplot file liso6.gnu
#
#
#3 capacitors:
#  0 c1 270.885 nF nm2 no
#  1 c2 7.516 uF no3 np1
#  2 ca 1.484 uF nm2 ni
#3 op-amps:
#  0 n1a OP27 '+'=np1 '-'=GND 'out'=no1 a0=1.5M gbw=8 MHz
#       un=3.2 nV/sqrt(Hz) uc=2.7 Hz in=400 fA/sqrt(Hz) ic=140 Hz
#       umax=12 V imax=20 mA sr=2.8 V/us delay=0 s***DEFAULT
#       pole at 6 MHz (real)
#  1 n2a OP27 '+'=GND '-'=nm2 'out'=no a0=1.5M gbw=8 MHz
#       un=3.2 nV/sqrt(Hz) uc=2.7 Hz in=400 fA/sqrt(Hz) ic=140 Hz
#       umax=12 V imax=20 mA sr=2.8 V/us delay=0 s***DEFAULT
#       pole at 6 MHz (real)
#  2 n3a OP27 '+'=GND '-'=nm3 'out'=no3 a0=1.5M gbw=8 MHz
#       un=3.2 nV/sqrt(Hz) uc=2.7 Hz in=400 fA/sqrt(Hz) ic=140 Hz
#       umax=12 V imax=20 mA sr=2.8 V/us delay=0 s***DEFAULT
#       pole at 6 MHz (real)
#9 resistors:
#  0 ri2 2.69244 kOhm nm3 no1
#  1 ri1 1 kOhm no3 nm3
#  2 r1 40.2461 kOhm no1 nm2
#  3 r2 2.06519 kOhm np1 no
#  4 ra 115.161 kOhm nm2 ni
#  5 rb 2.01544 kOhm np1 ni
#  6 rq 22.9111 kOhm nm2 no
#  7 load 1 kOhm no GND
#  8 rin 50 Ohm nii ni
#8 nodes:
#  0 nm2
#  1 no
#  2 no3
#  3 np1
#  4 ni
#  5 no1
#  6 nm3
#  7 nii
#Logarithmic frequency scale from 100 mHz to 50 Hz in 400 steps.
#Resistor scale factor is 3.39236 kOhm
#Capacitor scale factor is 1.44567 uF
#Inductance scale factor is 16.6369 H
#Voltage scale factor is 1 V
#Current scale factor is 294.78 uA
#Frequency scale factor is 203.906 Hz
#Voltage input at node nii, impedance 0 Ohm
#OUTPUT 1 voltage outputs:
#  0 node: no dB Degrees
#1 GNUPLOT terminals:
# no.0 (fil.ini no.0) file=0
# command=set term x11 persist
#set size ratio .5
#set key below
#set grid xtics ytics
#
