#** Path to fil.ini is /home/sean/Workspace/LISO/c/filter/fil.ini
#** Path to opamp.lib is /home/sean/Workspace/LISO/c/filter/opamp.lib
                 1    7.186579062e-09    2.660923163e-08    1.424940889e-08                  0    1.296434102e-07
       1.122018454    8.062713355e-09    2.660923286e-08     1.51805325e-08                  0    1.224651855e-07
       1.258925412    9.045438613e-09    2.660923442e-08    1.623325127e-08                  0    1.156928347e-07
       1.412537545     1.01476318e-08    2.660923638e-08    1.741805055e-08                  0     1.09303901e-07
       1.584893192    1.138368806e-08    2.660923885e-08    1.874723006e-08                  0    1.032771968e-07
        1.77827941    1.276968423e-08    2.660924196e-08    2.023507232e-08                  0    9.759273306e-08
       1.995262315    1.432355348e-08    2.660924586e-08    2.189801207e-08                  0    9.223165283e-08
       2.238721139    1.606526888e-08    2.660925077e-08    2.375480734e-08                  0    8.717616827e-08
       2.511886432    1.801703199e-08    2.660925694e-08    2.582671007e-08                  0    8.240950118e-08
       2.818382931    2.020346039e-08    2.660926468e-08    2.813763149e-08                  0    7.791582683e-08
        3.16227766    2.265176431e-08    2.660927441e-08    3.071429309e-08                  0    7.368022084e-08
       3.548133892    2.539189842e-08    2.660928662e-08    3.358634913e-08                  0     6.96886089e-08
       3.981071706    2.845666784e-08    2.660930192e-08    3.678645969e-08                  0    6.592771922e-08
       4.466835922    3.188175934e-08    2.660932109e-08    4.035028444e-08                  0    6.238503745e-08
       5.011872336    3.570565728e-08    2.660934505e-08    4.431635544e-08                  0    5.904876403e-08
       5.623413252    3.996938939e-08    2.660937497e-08    4.872577313e-08                  0    5.590777361e-08
       6.309573445    4.471603036e-08    2.660941224e-08    5.362165165e-08                  0    5.295157655e-08
       7.079457844    4.998987084e-08    2.660945855e-08    5.904821973e-08                  0    5.017028232e-08
       7.943282347    5.583513885e-08     2.66095159e-08    6.504946292e-08                  0    4.755456454e-08
       8.912509381    6.229414336e-08    2.660958664e-08    7.166717643e-08                  0    4.509562766e-08
                10    6.940470296e-08    2.660967347e-08    7.893829282e-08                  0    4.278517507e-08
       11.22018454    7.719673963e-08    2.660977937e-08    8.689136856e-08                  0    4.061537851e-08
       12.58925412    8.568797454e-08    2.660990759e-08    9.554217456e-08                  0     3.85788487e-08
       14.12537545    9.487878211e-08    2.661006144e-08     1.04888461e-07                  0    3.666860705e-08
       15.84893192    1.047464601e-07    2.661024404e-08    1.149041748e-07                  0    3.487805836e-08
        17.7827941    1.152394626e-07    2.661045799e-08    1.255337041e-07                  0    3.320096456e-08
       19.95262315    1.262724934e-07    2.661070494e-08    1.366870766e-07                  0    3.163141936e-08
       22.38721139    1.377236838e-07    2.661098507e-08    1.482373627e-07                  0     3.01638239e-08
       25.11886432    1.494352362e-07    2.661129665e-08    1.600216753e-07                  0    2.879286353e-08
       28.18382931    1.612187151e-07    2.661163571e-08    1.718469306e-07                  0    2.751348576e-08
        31.6227766    1.728654702e-07    2.661199598e-08    1.835007999e-07                  0    2.632087961e-08
       35.48133892    1.841615212e-07    2.661236923e-08    1.947670933e-07                  0    2.521045628e-08
       39.81071706    1.949049118e-07    2.661274588e-08    2.054434764e-07                  0    2.417783136e-08
       44.66835922    2.049225586e-07    2.661311599e-08    2.153584582e-07                  0    2.321880853e-08
       50.11872336    2.140834684e-07    2.661347021e-08    2.243844803e-07                  0    2.232936455e-08
       56.23413252    2.223060328e-07    2.661380072e-08     2.32444844e-07                  0    2.150563578e-08
       63.09573445    2.295586337e-07    2.661410174e-08     2.39513789e-07                  0    2.074390619e-08
       70.79457844    2.358543975e-07    2.661436977e-08    2.456106721e-07                  0    2.004059689e-08
       79.43282347    2.412420364e-07    2.661460343e-08    2.507902871e-07                  0    1.939225755e-08
       89.12509381    2.457950536e-07     2.66148031e-08    2.551316699e-07                  0    1.879555963e-08
               100    2.496012708e-07     2.66149704e-08    2.587273733e-07                  0    1.824729154e-08
       112.2018454    2.527539587e-07    2.661510772e-08    2.616744861e-07                  0    1.774435559e-08
       125.8925412    2.553451446e-07    2.661521776e-08    2.640679395e-07                  0    1.728376668e-08
       141.2537545    2.574611206e-07    2.661530319e-08    2.659960874e-07                  0    1.686265224e-08
       158.4893192    2.591798444e-07    2.661536638e-08     2.67538223e-07                  0    1.647825336e-08
        177.827941    2.605697958e-07    2.661540925e-08     2.68763564e-07                  0    1.612792645e-08
       199.5262315    2.616898462e-07    2.661543311e-08    2.697312496e-07                  0    1.580914543e-08
       223.8721139     2.62589765e-07     2.66154386e-08    2.704909625e-07                  0    1.551950378e-08
       251.1886432    2.633110778e-07     2.66154256e-08    2.710838848e-07                  0    1.525671637e-08
       281.8382931     2.63888074e-07    2.661539315e-08    2.715437859e-07                  0    1.501862078e-08
        316.227766    2.643488351e-07    2.661533935e-08    2.718981139e-07                  0    1.480317787e-08
       354.8133892    2.647162063e-07    2.661526123e-08    2.721690161e-07                  0    1.460847156e-08
       398.1071706    2.650086725e-07    2.661515455e-08    2.723742506e-07                  0    1.443270766e-08
       446.6835922    2.652411217e-07    2.661501359e-08    2.725279768e-07                  0    1.427421183e-08
       501.1872336    2.654254967e-07    2.661483082e-08     2.72641424e-07                  0     1.41314267e-08
       562.3413252    2.655713393e-07    2.661459649e-08    2.727234495e-07                  0    1.400290808e-08
       630.9573445    2.656862408e-07    2.661429811e-08    2.727809959e-07                  0    1.388732054e-08
       707.9457844    2.657762093e-07    2.661391979e-08    2.728194628e-07                  0    1.378343235e-08
       794.3282347    2.658459658e-07     2.66134414e-08    2.728430051e-07                  0    1.369010987e-08
       891.2509381    2.658991807e-07    2.661283747e-08    2.728547699e-07                  0    1.360631161e-08
              1000    2.659386603e-07    2.661207587e-08    2.728570808e-07                  0    1.353108185e-08
       1122.018454    2.659664896e-07    2.661111608e-08    2.728515796e-07                  0     1.34635441e-08
       1258.925412    2.659841402e-07    2.660990707e-08    2.728393311e-07                  0    1.340289433e-08
       1412.537545    2.659925462e-07    2.660838456e-08    2.728208956e-07                  0    1.334839397e-08
       1584.893192    2.659921524e-07    2.660646767e-08    2.727963746e-07                  0    1.329936281e-08
        1778.27941    2.659829382e-07    2.660405458e-08    2.727654297e-07                  0    1.325517161e-08
       1995.262315    2.659644155e-07    2.660101727e-08    2.727272778e-07                  0    1.321523443e-08
       2238.721139    2.659356041e-07     2.65971947e-08    2.726806618e-07                  0    1.317900063e-08
       2511.886432    2.658949804e-07    2.659238447e-08    2.726237946e-07                  0    1.314594622e-08
       2818.382931    2.658403989e-07    2.658633222e-08    2.725542763e-07                  0    1.311556461e-08
        3162.27766    2.657689815e-07    2.657871853e-08    2.724689778e-07                  0    1.308735625e-08
       3548.133892    2.656769701e-07     2.65691425e-08    2.723638878e-07                  0    1.306081712e-08
       3981.071706     2.65559537e-07    2.655710139e-08    2.722339159e-07                  0    1.303542544e-08
       4466.835922     2.65410542e-07    2.654196534e-08    2.720726425e-07                  0    1.301062644e-08
       5011.872336    2.652222306e-07     2.65229463e-08     2.71872007e-07                  0    1.298581439e-08
       5623.413252    2.649848584e-07    2.649905981e-08     2.71621922e-07                  0     1.29603116e-08
       6309.573445    2.646862316e-07    2.646907857e-08    2.713098015e-07                  0    1.293334352e-08
       7079.457844    2.643111517e-07     2.64314764e-08    2.709199894e-07                  0    1.290400947e-08
       7943.282347    2.638407508e-07    2.638436151e-08    2.704330784e-07                  0    1.287124839e-08
       8912.509381    2.632517132e-07    2.632539833e-08    2.698251108e-07                  0    1.283379925e-08
             10000     2.62515383e-07    2.625171812e-08    2.690666634e-07                  0    1.279015609e-08
       11220.18454    2.615967743e-07    2.615981976e-08    2.681218325e-07                  0    1.273851863e-08
       12589.25412    2.604535252e-07    2.604546509e-08     2.66947161e-07                  0     1.26767402e-08
       14125.37545    2.590348734e-07    2.590357627e-08    2.654905885e-07                  0    1.260227701e-08
       15848.93192    2.572807864e-07     2.57281488e-08    2.636905592e-07                  0    1.251214494e-08
        17782.7941    2.551214503e-07     2.55122003e-08    2.614754978e-07                  0    1.240289393e-08
       19952.62315    2.524774085e-07    2.524778429e-08    2.587639514e-07                  0    1.227061395e-08
       22387.21139     2.49260729e-07    2.492610697e-08    2.554657855e-07                  0    1.211099099e-08
       25118.86432    2.453776451e-07    2.453779115e-08    2.514848899e-07                  0    1.191943456e-08
       28183.82931    2.407331045e-07    2.407333121e-08    2.467238409e-07                  0    1.169129773e-08
        31622.7766    2.352375206e-07    2.352376818e-08    2.410908194e-07                  0    1.142220401e-08
       35481.33892    2.288156782e-07    2.288158027e-08     2.34508738e-07                  0    1.110847862e-08
       39810.71706    2.214171817e-07    2.214172774e-08    2.269259476e-07                  0     1.07476545e-08
       44668.35922    2.130271139e-07     2.13027187e-08    2.183271607e-07                  0    1.033898837e-08
       50118.72336    2.036749026e-07    2.036749581e-08    2.087425373e-07                  0    9.883889816e-09
       56234.13252    1.934390879e-07    1.934391298e-08    1.982525697e-07                  0    9.386151527e-09
       63095.73445    1.824460577e-07    1.824460891e-08    1.869867862e-07                  0    8.851887109e-09
       70794.57844     1.70861955e-07    1.708619784e-08    1.751154572e-07                  0    8.289137971e-09
       79432.82347    1.588785952e-07    1.588786125e-08    1.628351614e-07                  0    7.707189977e-09
       89125.09381    1.466957693e-07    1.466957819e-08    1.503506499e-07                  0    7.115715217e-09
            100000    1.345031734e-07    1.345031827e-08    1.378563264e-07                  0     6.52389594e-09
#
#from 1 Hz onwards noise by OP:I- (o1) dominates.
#from 6.30957 Hz onwards noise by OP:U (o1) dominates.
##LISO analog circuit simulation 2.03 (Oct 28 2011) gerhard.heinzel@aei.mpg.de
#  Input file liso2.fil, Output file liso2.out, Gnuplot file liso2.gnu
#
#
#2 capacitors:
#  0 c1 10 uF GND n1
#  1 c2 47 pF nm nout
#1 op-amp:
#  0 o1 lt1124 '+'=nin '-'=nm 'out'=nout a0=15M gbw=14.6 MHz
#       un=2.7 nV/sqrt(Hz) uc=2.3 Hz in=300 fA/sqrt(Hz) ic=100 Hz
#       umax=12 V imax=20 mA sr=4.5 V/us delay=18.9 ns
#       pole at 200 kHz (real)        pole at 200 kHz (real)        zero at 800 kHz (real)        zero at 800 kHz (real)        zero at 9.4 MHz (real)
#2 resistors:
#  0 r1 430 Ohm n1 nm
#  1 r2 43 kOhm nm nout
#4 nodes:
#  0 n1
#  1 nm
#  2 nout
#  3 nin
#Logarithmic frequency scale from 1 Hz to 100 kHz in 100 steps.
#Resistor scale factor is 4.3 kOhm
#Capacitor scale factor is 21.6795 nF
#Inductance scale factor is 400.854 mH
#Voltage scale factor is 1 V
#Current scale factor is 232.558 uA
#Frequency scale factor is 10.7271 kHz
#Noise is computed at node nout for (nnoise=5, nnoisy=5) :
#  r1 r2 o1(U) o1(I+) o1(I-)
#Voltage input at node nin, impedance 0 Ohm
#OUTPUT 5 noise voltages caused by:
#r1 r2 o1(0) o1(1) o1(2)
#1 GNUPLOT terminals:
# no.0 (fil.ini no.0) file=0
# command=set term x11 persist
#set size ratio .5
#set key below
#set grid xtics ytics
#
