#** Path to fil.ini is /home/sean/Workspace/LISO/c/filter/fil.ini
#** Path to opamp.lib is /home/sean/Workspace/LISO/c/filter/opamp.lib
                 1        9.263522296        68.32570322
       1.122018454        10.15564136        70.17531274
       1.258925412        11.06764608        71.82122336
       1.412537545         11.9960071        73.26953286
       1.584893192        12.93767606        74.52769804
        1.77827941        13.89005017        75.60373008
       1.995262315        14.85092162        76.50556631
       2.238721139        15.81841996        77.24059793
       2.511886432        16.79095277        77.81532691
       2.818382931        17.76714772        78.23512473
        3.16227766        18.74579748        78.50406895
       3.548133892        19.72580761        78.62483813
       3.981071706        20.70614708        78.59865099
       4.466835922        21.68580027        78.42524057
       5.011872336        22.66371946        78.10285956
       5.623413252        23.63877642        77.62831746
       6.309573445         24.6097121        76.99705549
       7.079457844        25.57508353        76.20327003
       7.943282347        26.53320758        75.24010066
       8.912509381        27.48210241        74.09990394
                10         28.4194282        72.77463838
       11.22018454        29.34243127        71.25638818
       12.58925412        30.24789773        69.53805134
       14.12537545        31.13212592        67.61420798
       15.84893192        31.99093016        65.48216454
        17.7827941        32.81969024        63.14313455
       19.95262315        33.61346169        60.60346706
       22.38721139        34.36715795        57.87577463
       25.11886432        35.07580635         54.9797576
       28.18382931        35.73486509        51.94249389
        31.6227766        36.34057003        48.79799008
       35.48133892        36.89026293        45.58588797
       39.81071706        37.38264546        42.34938338
       44.66835922        37.81790949        39.13259899
       50.11872336        38.19771663        35.97779602
       56.23413252         38.5250312        32.92285402
       63.09573445        38.80384092        29.99937378
       70.79457844        39.03881773        27.23159801
       79.43282347        39.23497395        24.63615937
       89.12509381          39.397358        22.22251723
               100        39.53081597        19.99386514
       112.2018454        39.63982745        17.94828129
       125.8925412        39.72841068        16.07993116
       141.2537545        39.80008414        14.38019006
       158.4893192        39.85786952        12.83861071
        177.827941         39.9043217        11.44370709
       199.5262315        39.94157389        10.18355665
       223.8721139        39.97138933        9.046240446
       251.1886432        39.99521366        8.020148073
       281.8382931        40.01422442        7.094175306
        316.227766        40.02937566         6.25784004
       354.8133892        40.04143705        5.501337969
       398.1071706        40.05102722        4.815555288
       446.6835922        40.05864186        4.192051695
       501.1872336        40.06467691        3.623023626
       562.3413252        40.06944774        3.101254906
       630.9573445        40.07320457        2.620059933
       707.9457844        40.07614506        2.173222859
       794.3282347        40.07842425        1.754935065
       891.2509381        40.08016257        1.359732381
              1000        40.08145198       0.9824328213
       1122.018454        40.08236077       0.6180752381
       1258.925412        40.08293711       0.2618589068
       1412.537545        40.08321156     -0.09091609363
       1584.893192        40.08319868      -0.4449080267
        1778.27941        40.08289778      -0.8047925685
       1995.262315        40.08229291       -1.175322259
       2238.721139        40.08135197       -1.561386819
       2511.886432         40.0800251       -1.968074792
       2818.382931        40.07824202       -2.400736967
        3162.27766        40.07590839       -2.865051917
       3548.133892        40.07290091       -3.367093886
       3981.071706        40.06906098       -3.913403062
       4466.835922        40.06418658       -4.511057965
       5011.872336        40.05802202        -5.16774926
       5623.413252        40.05024516       -5.891853703
       6309.573445        40.04045157       -6.692506075
       7079.457844        40.02813499       -7.579665808
       7943.282347        40.01266362       -8.564173394
       8912.509381        39.99325138        -9.65778963
             10000        39.96892382       -10.87320803
       11220.18454        39.93847814       -12.22402746
       12589.25412        39.90043748       -13.72466813
       14125.37545        39.85300023       -15.39020998
       15848.93192        39.79398614       -17.23612877
        17782.7941        39.72078301       -19.27790292
       19952.62315        39.63029961       -21.53046579
       22387.21139        39.51893342       -24.00748636
       25118.86432          39.382565       -26.72047928
       28183.82931        39.21659266       -29.67777798
        31622.7766        39.01602232        -32.8834513
       35481.33892        38.77562379       -36.33630351
       39810.71706        38.49015697       -40.02915575
       44668.35922        38.15465644       -43.94864381
       50118.72336        37.76474458       -48.07575435
       56234.13252         37.3169236       -52.38723804
       63095.73445        36.80878476       -56.85788297
       70794.57844        36.23907327       -61.46343572
       79432.82347        35.60756274        -66.1837785
       89125.09381        34.91471884       -71.00585959
            100000        34.16115885       -75.92584954
#LISO analog circuit simulation 2.03 (Oct 28 2011) gerhard.heinzel@aei.mpg.de
#  Input file liso1.fil, Output file liso1.out, Gnuplot file liso1.gnu
#
#
#2 capacitors:
#  0 c1 10 uF GND n1
#  1 c2 47 pF nm nout
#1 op-amp:
#  0 o1 lt1124 '+'=nin '-'=nm 'out'=nout a0=15M gbw=14.6 MHz
#       un=2.7 nV/sqrt(Hz) uc=2.3 Hz in=300 fA/sqrt(Hz) ic=100 Hz
#       umax=12 V imax=20 mA sr=4.5 V/us delay=18.9 ns
#       pole at 200 kHz (real)        pole at 200 kHz (real)        zero at 800 kHz (real)        zero at 800 kHz (real)        zero at 9.4 MHz (real)
#2 resistors:
#  0 r1 430 Ohm n1 nm
#  1 r2 43 kOhm nm nout
#4 nodes:
#  0 n1
#  1 nm
#  2 nout
#  3 nin
#Logarithmic frequency scale from 1 Hz to 100 kHz in 100 steps.
#Resistor scale factor is 4.3 kOhm
#Capacitor scale factor is 21.6795 nF
#Inductance scale factor is 400.854 mH
#Voltage scale factor is 1 V
#Current scale factor is 232.558 uA
#Frequency scale factor is 10.7271 kHz
#Voltage input at node nin, impedance 0 Ohm
#OUTPUT 1 voltage outputs:
#  0 node: nout dB Degrees
#1 GNUPLOT terminals:
# no.0 (fil.ini no.0) file=0
# command=set term x11 persist
#set size ratio .5
#set key below
#set grid xtics ytics
#
