#** Path to fil.ini is /home/sean/Workspace/LISO/c/filter/fil.ini
#** Path to opamp.lib is /home/sean/Workspace/LISO/c/filter/opamp.lib
                 1        20.62810125        179.9998469
       1.148153621        20.62810125        179.9998242
       1.318256739        20.62810125        179.9997981
       1.513561248        20.62810125        179.9997682
       1.737800829        20.62810125        179.9997339
       1.995262315        20.62810125        179.9996944
       2.290867653        20.62810125        179.9996492
       2.630267992        20.62810125        179.9995972
        3.01995172        20.62810125        179.9995375
       3.467368505        20.62810125         179.999469
       3.981071706        20.62810125        179.9993903
       4.570881896        20.62810125           179.9993
       5.248074602        20.62810125        179.9991963
       6.025595861        20.62810125        179.9990772
       6.918309709        20.62810125        179.9989405
       7.943282347        20.62810125        179.9987835
       9.120108394        20.62810125        179.9986033
       10.47128548        20.62810125        179.9983964
       12.02264435        20.62810125        179.9981588
       13.80384265        20.62810125         179.997886
       15.84893192        20.62810125        179.9975728
       18.19700859        20.62810125        179.9972132
       20.89296131        20.62810125        179.9968003
       23.98832919        20.62810125        179.9963263
       27.54228703        20.62810126         179.995782
        31.6227766        20.62810126        179.9951571
       36.30780548        20.62810127        179.9944396
       41.68693835        20.62810127        179.9936159
       47.86300923        20.62810128          179.99267
       54.95408739        20.62810129        179.9915841
       63.09573445        20.62810131        179.9903372
       72.44359601        20.62810133        179.9889056
       83.17637711        20.62810136         179.987262
        95.4992586        20.62810139        179.9853748
       109.6478196        20.62810144         179.983208
       125.8925412         20.6281015        179.9807202
       144.5439771        20.62810158        179.9778638
       165.9586907        20.62810168        179.9745842
       190.5460718        20.62810182        179.9708188
       218.7761624          20.628102        179.9664955
       251.1886432        20.62810224        179.9615317
       288.4031503        20.62810256        179.9558325
       331.1311215        20.62810298        179.9492889
       380.1893963        20.62810353        179.9417759
       436.5158322        20.62810426        179.9331497
       501.1872336        20.62810521        179.9232456
       575.4399373        20.62810648        179.9118741
        660.693448        20.62810814         179.898818
        758.577575        20.62811033        179.8838274
         870.96359        20.62811323         179.866616
              1000        20.62811704        179.8468545
       1148.153621        20.62812207        179.8241653
       1318.256739        20.62812869        179.7981146
       1513.561248        20.62813743        179.7682042
       1737.800829        20.62814894        179.7338622
       1995.262315        20.62816412        179.6944322
       2290.867653        20.62818413          179.64916
       2630.267992         20.6282105          179.59718
        3019.95172        20.62824528         179.537498
       3467.368505        20.62829111        179.4689724
       3981.071706        20.62835153        179.3902925
       4570.881896        20.62843118        179.2999526
       5248.074602        20.62853617        179.1962235
       6025.595861        20.62867456        179.0771193
       6918.309709        20.62885698         178.940358
       7943.282347        20.62909742        178.7833181
       9120.108394        20.62941432        178.6029865
       10471.28548        20.62983199         178.395899
       12022.64435        20.63038241        178.1580719
       13803.84265        20.63110772        177.8849206
       15848.93192        20.63206335        177.5711658
       18197.00859        20.63332222        177.2107226
       20892.96131         20.6349802        176.7965689
       23988.32919        20.63716316        176.3205883
       27542.28703        20.64003617          175.77338
        31622.7766        20.64381539        175.1440268
       36307.80548        20.64878318        174.4198064
       41686.93835        20.65530721        173.5858278
       47863.00923        20.66386428        172.6245631
       54954.08739        20.67506895        171.5152351
       63095.73445        20.68970681        170.2329993
       72443.59601        20.70876982        168.7478309
       83176.37711          20.733488        167.0229835
        95499.2586        20.76534335         165.012824
       109647.8196        20.80603734        162.6597546
       125892.5412        20.85735226        159.8898155
       144543.9771        20.92078783        156.6064241
       165958.6907        20.99673828        152.6816487
       190546.0718        21.08275772        147.9447286
       218776.1624        21.17008366        142.1691373
       251188.6432        21.23707501        135.0646765
       288403.1503        21.23810146         126.294616
       331131.1215        21.08896926        115.5633197
       380189.3963        20.66019213        102.8332014
       436515.8322        19.80578437        88.62668988
       501187.2336        18.44109151         74.0878804
       575439.9373        16.60608746        60.49294191
        660693.448         14.4335696        48.61681298
        758577.575        12.06481283        38.59451021
         870963.59         9.60062777        30.18520822
           1000000        7.098408536        23.03919429
#LISO analog circuit simulation 2.03 (Oct 28 2011) gerhard.heinzel@aei.mpg.de
#  Input file liso3.fil, Output file liso3.out, Gnuplot file liso3.gnu
#
#
#2 capacitors:
#  0 c2 4.7 nF nsum GND
#  1 c5 122 pF no nm
#1 op-amp:
#  0 op1 op27 '+'=GND '-'=nm 'out'=no a0=1.5M gbw=8 MHz
#       un=3.2 nV/sqrt(Hz) uc=2.7 Hz in=400 fA/sqrt(Hz) ic=140 Hz
#       umax=12 V imax=20 mA sr=2.8 V/us delay=0 s***DEFAULT
#       pole at 6 MHz (real)
#4 resistors:
#  0 r1 100 Ohm nin nsum
#  1 r3 1.075 kOhm no nsum
#  2 r4 42.2 Ohm nsum nm
#  3 r6 65 Ohm nin GND
#4 nodes:
#  0 nin
#  1 nsum
#  2 no
#  3 nm
#Logarithmic frequency scale from 1 Hz to 1 MHz in 100 steps.
#Resistor scale factor is 131.041 Ohm
#Capacitor scale factor is 757.232 pF
#Inductance scale factor is 13.0031 uH
#Voltage scale factor is 1 V
#Current scale factor is 7.63118 mA
#Frequency scale factor is 10.0777 MHz
#Voltage input at node nin, impedance 50 Ohm
#OUTPUT 1 voltage outputs:
#  0 node: no dB Degrees
#1 GNUPLOT terminals:
# no.0 (fil.ini no.0) file=0
# command=set term x11 persist
#set size ratio .5
#set key below
#set grid xtics ytics
#
