#** Path to fil.ini is /home/sean/Workspace/LISO/c/filter/fil.ini
#** Path to opamp.lib is /home/sean/Workspace/LISO/c/filter/opamp.lib
                 1        24.36980059   -0.0002053291603         -98.916592       -166.7201352 
       1.146584168        24.36980059   -0.0002354271644       -98.84507614       -164.8575593 
       1.314655253        24.36980059   -0.0002699370593       -98.75281429       -162.7617525 
       1.507362899        24.36980059   -0.0003095055584       -98.63442937       -160.4161784 
       1.728318435        24.36980059   -0.0003548741731       -98.48354767       -157.8087035 
       1.981662554        24.36980059   -0.0004068931083       -98.29284526       -154.9340938 
        2.27214291        24.36980059   -0.0004665371959       -98.05423843       -151.7968099 
       2.605203087        24.36980059   -0.0005349241624       -97.75926238       -148.4137051 
       2.987084613        24.36980059   -0.0006133355755       -97.39965478       -144.8160079 
       3.424943925        24.36980059   -0.0007032408602       -96.96810748       -141.0498433 
       3.926986479        24.36980059   -0.0008063248363       -96.45907954       -137.1746468 
       4.502620523        24.36980059   -0.0009245192913       -95.86950528       -133.2592573 
       5.162633404        24.36980059    -0.001060039182       -95.19921969       -129.3761409 
       5.919393724        24.36980059    -0.001215424143       -94.45098204       -125.5948471 
       6.787083126        24.36980059    -0.001393586079        -93.6300907       -121.9760853 
       7.781962056        24.36980059    -0.001597863735       -92.74369807       -118.5675741 
       8.922674486        24.36980059     -0.00183208526       -91.80000024          -115.4022 
        10.2305973        24.36980059    -0.002100639953       -90.80747195        -112.498331 
       11.73024089        24.36980059    -0.002408560512       -89.77426139       -109.8616762 
       13.44970848        24.36980059     -0.00276161735       -88.70778897       -107.4879383 
       15.42122281        24.36980059    -0.003166426731       -87.61453791       -105.3656218 
       17.68172991        24.36980059    -0.003630574757       -86.49999444        -103.478575 
       20.27359157        24.36980059    -0.004162759536       -85.36868787       -101.8080654 
       23.24537912        24.36980059    -0.004772954179       -84.22428681        -100.334341 
       26.65278367        24.36980059    -0.005472593695       -83.06971936       -99.03772654 
       30.55965977        24.36980059    -0.006274789287       -81.90729629       -97.89933856 
       35.03922206        24.36980059    -0.007194574054        -80.7388254       -96.90151245 
       40.17541726        24.36980058    -0.008249184706       -79.56571164        -96.0280223 
       46.06449736        24.36980058    -0.009458384584       -78.38904133       -95.26416004 
       52.81682336        24.36980057     -0.01084483402       -77.20965114       -94.59672332 
       60.55893344        24.36980057       -0.012434515       -76.02818358       -94.01394769 
       69.43591429        24.36980056     -0.01425721805       -74.84513091       -93.50540774 
       79.61411999        24.36980055     -0.01634710051       -73.66086965       -93.06190376 
       91.28428949        24.36980053     -0.01874332667       -72.47568741       -92.67534432 
       104.6651211        24.36980051     -0.02149080167       -71.28980366        -92.3386315 
       120.0073707        24.36980048     -0.02464101303       -70.10338574       -92.04555245 
       137.5985513        24.36980045     -0.02825299554       -68.91656119       -91.79067946 
       157.7683204         24.3698004     -0.03239443757       -67.72942713       -91.56927907 
       180.8946583        24.36980034     -0.03714294954       -66.54205756       -91.37723071 
       207.4109512        24.36980026     -0.04258751833       -65.35450878        -91.2109543 
       237.8141128        24.36980016     -0.04883017493       -64.16682366       -91.06734637 
       272.6738966        24.36980002     -0.05598790649       -62.97903482       -90.94372404 
       312.6435727        24.36979984      -0.0641948487        -61.7911671       -90.83777615 
       358.4721706         24.3697996     -0.07360479948       -60.60323939       -90.74752091 
       411.0185153        24.36979929     -0.08439410124       -59.41526608       -90.67126938 
       471.2673222        24.36979888     -0.09676494559       -58.22725811       -90.60759422 
       540.3476504        24.36979835      -0.1109491625       -57.03922385       -90.55530323 
       619.5540609        24.36979764      -0.1272125652       -55.85116964        -90.5134172 
       710.3708772        24.36979671      -0.1458599312       -54.66310036       -90.48115165 
       814.5000009        24.36979548       -0.167240715       -53.47501974       -90.45790225 
       933.8928055        24.36979388       -0.191755597       -52.28693064       -90.44323352 
       1070.786705        24.36979176      -0.2198639934       -51.09883532       -90.43687072 
       1227.747083        24.36978898      -0.2520926671       -49.91073554        -90.4386947 
       1407.715367        24.36978533      -0.2890456014       -48.72263272       -90.44873974 
       1614.064152        24.36978052      -0.3314153221       -47.53452809       -90.46719414 
       1850.660402        24.36977421      -0.3799958805       -46.34642269       -90.49440382 
       2121.937917         24.3697659      -0.4356977416       -45.15831756       -90.53087876 
        2432.98042        24.36975499      -0.4995648578        -43.9702137       -90.57730262 
        2789.61683        24.36974064      -0.5727942501       -42.78211226       -90.63454554 
        3198.53049        24.36972177      -0.6567584667       -41.59401454       -90.70368049 
        3667.38442        24.36969696      -0.7530313443       -40.40592213       -90.78600341 
       4204.964912        24.36966434      -0.8634175618       -39.21783702       -90.88305756 
       4821.346194        24.36962146      -0.9899865508       -38.02976176       -90.99666253 
       5528.079212        24.36956507       -1.135111413       -36.84169961       -91.12894849 
       6338.408102        24.36949092       -1.301513597       -35.65365487       -91.28239627 
       7267.518377        24.36939342        -1.49231421       -34.46563313       -91.45988422 
       8332.821508        24.36926518       -1.711092973       -33.27764172       -91.66474259 
       9554.281213         24.3690965       -1.961956007        -32.0896903       -91.90081663 
       10954.78757        24.36887461       -2.249613842       -30.90179153       -92.17253972 
       12560.58599        24.36858265       -2.579471283       -29.71396215       -92.48501807 
       14401.76903        24.36819837       -2.957731097       -28.52622418       -92.84412875 
       16512.84035        24.36769243        -3.39151385       -27.33860675       -93.25663348 
       18933.36131        24.36702599        -3.88899676       -26.15114833       -93.73031075 
       21708.69232        24.36614759       -4.459575054       -24.96389992       -94.27410967 
       24890.84291         24.3649889       -5.114050189       -23.77692925       -94.89832988 
        28539.4464        24.36345889       -5.864850437       -22.59032656       -95.61483271 
       32722.87739        24.36143585       -6.726290875       -21.40421253       -96.43729054 
       37519.53314        24.35875621       -7.714881841       -20.21874934       -97.38148324 
       43019.30267        24.35519882       -8.849697737       -19.03415633       -98.46565329 
       49325.25134        24.35046247       -10.15282159       -17.85073232       -99.71093478 
       56555.55225        24.34413314        -11.6498854       -16.66888823        -101.141876 
        64845.7008        24.33563561       -13.37073176       -15.48919514       -102.7870806 
       74351.05387        24.32416089       -15.35022742       -14.31245665       -104.6799985 
       85249.74121        24.30855554       -17.62926274       -13.13981909       -106.8598984 
       97746.00356        24.28715122       -20.25596555       -11.97294145       -109.3730513 
       112074.0201         24.2574999       -23.28713153       -10.81425949       -112.2741268 
       128502.2971        24.21596173       -26.78979824        -9.66739689       -115.6277272 
       147338.6993        24.15706828       -30.84271328       -8.537800884       -119.5098107 
       168936.2199        24.07255754       -35.53707364       -7.433705593       -124.0083788 
       193699.5951        23.94997054       -40.97519909       -6.367533316       -129.2220912 
        222092.889        23.77076574       -47.26461183       -5.357777447       -135.2542783 
       254648.1903        23.50816324       -54.50346414        -4.43115459       -142.1982924 
       291975.5832        23.12554447        -62.7525287       -3.624200197       -150.1094119 
       334774.5811        22.57722744       -71.99226676       -2.982487078       -158.9618114 
       383847.2344        21.81413275       -82.07542488       -2.554951312       -168.6010491 
       440113.1617         20.7954054       -92.70451413       -2.382259815       -178.7214224 
       504626.7831        19.50219036       -103.4692082       -2.483020934        171.0967695 
       578597.0801        17.94510988       -113.9450751       -2.846289096        161.2886433 
       663410.2514        16.15972879       -123.8015323        -3.43607618        152.1969359 
       760655.6909        14.19352251       -132.8578632       -4.204353211        144.0161573 
       872155.7721        12.09299795       -141.0738941        -5.10389065        136.8020819 
           1000000        9.896334487       -148.5056726        -6.09556781        130.5162311 
#LISO analog circuit simulation 2.03 (Oct 28 2011) gerhard.heinzel@aei.mpg.de
#  Input file liso7.fil, Output file liso7.out, Gnuplot file liso7.gnu
#
#
#2 capacitors:
#  0 c2 4.7 nF nsum GND 
#  1 c5 122 pF no nm 
#1 op-amp:
#  0 op1 op27 '+'=GND '-'=nm 'out'=no a0=1.5M gbw=8 MHz 
#       un=3.2 nV/sqrt(Hz) uc=2.7 Hz in=400 fA/sqrt(Hz) ic=140 Hz 
#       umax=12 V imax=20 mA sr=2.8 V/us delay=0 s***DEFAULT   
#       pole at 6 MHz (real) 
#4 resistors:
#  0 r1 100 Ohm nin nsum
#  1 r3 1.075 kOhm no nsum
#  2 r4 42.2 Ohm nsum nm
#  3 r6 65 Ohm nin GND
#4 nodes:
#  0 nin
#  1 nsum
#  2 no
#  3 nm
#Logarithmic frequency scale from 1 Hz to 1 MHz in 101 steps.
#Resistor scale factor is 131.041 Ohm
#Capacitor scale factor is 757.232 pF
#Inductance scale factor is 13.0031 uH
#Voltage scale factor is 1 V
#Current scale factor is 7.63118 mA
#Frequency scale factor is 10.0777 MHz
#Floating voltage input between nodes nin and nsum, impedance 50 Ohm
#OUTPUT 2 voltage outputs:
#  0 node: no dB Degrees
#  1 node: nsum dB Degrees
#1 GNUPLOT terminals:
# no.0 (fil.ini no.0) file=0 
# command=set term x11 persist
#set size ratio .5
#set key below
#set grid xtics ytics
#