#** Path to fil.ini is /home/sean/Workspace/LISO/c/filter/fil.ini
#** Path to opamp.lib is /home/sean/Workspace/LISO/c/filter/opamp.lib
             10000       -8.088300439        179.4122072       -49.76965567         -91.078455       -74.11763626        178.9162345
       10715.19305       -8.087833924        179.3701022       -49.16923634       -91.15564995       -72.91721429        178.8420162
       11481.53621       -8.087298301        179.3249705        -48.5687549       -91.23838071        -71.7167298         178.762251
       12302.68771       -8.086683335        179.2765922       -47.96820213       -91.32704663       -70.51617351        178.6765535
       13182.56739       -8.085977275        179.2247307       -47.36756748        -91.4220764       -69.31553479        178.5845094
       14125.37545       -8.085166629        179.1691316       -46.76683883       -91.52393036       -68.11480145        178.4856726
       15135.61248       -8.084235908         179.109521       -46.16600225       -91.63310297       -66.91395946        178.3795629
       16218.10097       -8.083167331        179.0456038       -45.56504176        -91.7501255       -65.71299275        178.2656637
       17378.00829       -8.081940486        178.9770621         -44.963939       -91.87556908       -64.51188285        178.1434188
       18620.87137       -8.080531938        178.9035529       -44.36267293       -92.01004787       -63.31060856        178.0122294
       19952.62315       -8.078914786        178.8247058       -43.76121935       -92.15422276       -62.10914554        177.8714501
        21379.6209       -8.077058152        178.7401205       -43.15955052       -92.30880526       -60.90746585        177.7203857
       22908.67653       -8.074926587        178.6493636       -42.55763457       -92.47456195       -59.70553743        177.5582865
       24547.08916       -8.072479404        178.5519656       -41.95543494       -92.65231941       -58.50332347        177.3843432
       26302.67992       -8.069669901        178.4474169       -41.35290964       -92.84296964       -57.30078173         177.197682
       28183.82931       -8.066444478        178.3351632        -40.7500105       -93.04747628        -56.0978637        176.9973584
        30199.5172       -8.062741617        178.2146007       -40.14668224       -93.26688153       -54.89451375        176.7823501
       32359.36569       -8.058490722        178.0850704       -39.54286141         -93.502314         -53.690668        176.5515494
       34673.68505       -8.053610784        177.9458509       -38.93847519       -93.75499769       -52.48625317        176.3037545
       37153.52291       -8.048008852        177.7961506       -38.33344005       -94.02626226       -51.28118519        176.0376588
       39810.71706       -8.041578286        177.6350982       -37.72766016       -94.31755482       -50.07536759        175.7518401
       42657.95188       -8.034196758        177.4617318       -37.12102559        -94.6304536       -48.86868971         175.444746
       45708.81896       -8.025723967        177.2749856       -36.51341026       -94.96668386       -47.66102467         175.114679
       48977.88194       -8.015999027        177.0736741       -35.90466961       -95.32813651       -46.45222693        174.7597774
       52480.74602        -8.00483749        176.8564732       -35.29463792       -95.71689003       -45.24212969        174.3779939
       56234.13252       -7.992027958        176.6218975       -34.68312526       -96.13523641       -44.03054177        173.9670697
       60255.95861       -7.977328221        176.3682726       -34.06991405       -96.58571199       -42.81724415        173.5245037
        64565.4229       -7.960460894        176.0937018       -33.45475516       -97.07113447       -41.60198604        173.0475156
       69183.09709       -7.941108464        175.7960253       -32.83736344       -97.59464733       -40.38448041         172.533002
       74131.02413       -7.918907726        175.4727698       -32.21741281        -98.1597737         -39.164399        171.9774824
       79432.82347       -7.893443551         175.121087       -31.59453067       -98.77048179       -37.94136669         171.377034
       85113.80382       -7.864241945        174.7376773       -30.96829174       -99.43126505       -36.71495536        170.7272116
       91201.08394       -7.830762426        174.3186954       -30.33821134       -100.1472406       -35.48467701          170.02295
        97723.7221       -7.792389742        173.8596321       -29.70373809       -100.9242713       -34.24997648        169.2584414
       104712.8548       -7.748425087        173.3551669       -29.06424627       -101.7691167       -33.01022372         168.426985
       112201.8454       -7.698077075        172.7989823       -28.41902809       -102.6896226       -31.76470594        167.5207975
       120226.4435       -7.640452988        172.1835292       -27.76728637       -103.6949587       -30.51262024        166.5307764
       128824.9552       -7.574551132        171.4997304       -27.10812857       -104.7959183        -29.2530675        165.4461993
       138038.4265       -7.499255773        170.7366022       -26.44056352       -106.0052987       -27.98504902        164.2543451
       147910.8388       -7.413336982        169.8807719       -25.76350339       -107.3383852       -26.70746828        162.9400093
       158489.3192       -7.315459246        168.9158605       -25.07577451       -108.8135687        -25.4191417        161.4848869
       169824.3652       -7.204205043        167.8216924       -24.37614359       -110.4531355       -24.11882453        159.8667834
       181970.0859       -7.078123377        166.5732856       -23.66336898       -112.2842738       -22.80526205        158.0586074
         194984.46       -6.935819324        165.1395697       -22.93629337       -114.3403513       -21.47728187        156.0270949
       208929.6131        -6.77611021         163.481783       -22.19400324       -116.6625105       -20.13395322        153.7312124
       223872.1139       -6.598288912        161.5515211       -21.43609583       -119.3016092        -18.7748535        151.1202179
       239883.2919       -6.402557002        159.2884902       -20.66311609       -122.3204533       -17.40050489        148.1314277
       257039.5783       -6.190721049        156.6182063       -19.87725696       -125.7960782       -16.01307422        144.6879351
       275422.8703       -5.967280333        153.4502976       -19.08345127       -129.8214216       -14.61746433        140.6969377
       295120.9227       -5.741052697        149.6788969       -18.29100167       -134.5049015       -13.22294345        136.0501591
        316227.766       -5.527424951        145.1880504       -17.51583507       -139.9649695       -11.84539897        130.6292956
       338844.1561       -5.351031723         139.867061       -16.78318513        -146.314722       -10.51001926        124.3214039
       363078.0548       -5.247934196        133.6419382       -16.12977423       -153.6303977       -9.253474659        117.0504035
        389045.145       -5.265103192        126.5255814       -15.60329877       -161.9011319       -8.123401894        108.8273216
       416869.3835       -5.454029349         118.674615       -15.25604059       -170.9720502       -7.172014319         99.8071967
       446683.5922       -5.857040744        110.4163664       -15.13118412        179.4827887       -6.442417825         90.3161351
       478630.0923       -6.491191079        102.2022627       -15.24670223        169.9138764       -5.952495178        80.80479123
        512861.384       -7.340380202         94.4888596       -15.58747192        160.7773755       -5.687020051        71.72948491
       549540.8739       -8.362123561        87.61525418       -16.11203612         152.412628       -5.604416898        63.42970549
       588843.6554       -9.503429907         81.7493831       -16.76847051        144.9885465       -5.652625572        56.07449755
       630957.3445       -10.71500208        76.91030578       -17.50856993        138.5259856       -5.783285244         49.6848248
       676082.9754       -11.95825995        73.02427917       -18.29485342        132.9538919       -5.958736567        44.18971153
       724435.9601       -13.20624676        69.97627924       -19.10144914        128.1608834       -6.152903406         39.4778098
       776247.1166       -14.44159728        67.64306209        -19.9120383         124.028342       -6.349233038        35.43047814
       831763.7711       -15.65387872        65.90967982       -20.71716956        120.4469301        -6.53800637        31.93827953
       891250.9381        -16.8373196        64.67559952       -21.51196035        117.3226731         -6.7140346        28.90704101
        954992.586       -17.98916233        63.85551351       -22.29442227        114.5776928       -6.874979211        26.25855867
       1023292.992       -19.10856384        63.37792307       -23.06433645        112.1486742       -7.020221399        23.92902819
       1096478.196       -20.19589693        63.18307501       -23.82253315        109.9846468       -7.150134997        21.86678118
       1174897.555        -21.2523198        63.22095658       -24.57044486         108.044792       -7.265632082        20.03003672
       1258925.412       -22.27951661         63.4496089       -25.30983654        106.2965468       -7.367885094        18.38493425
       1348962.883       -23.27954323        63.83381372       -26.04264836        104.7140692       -7.458160561        16.90391077
       1445439.771       -24.25473573        64.34412435       -26.77090858        103.2770481       -7.537722401        15.56440103
       1548816.619       -25.20765545        64.95618532          -27.49669         101.969817       -7.607778173         14.3478121
       1659586.907       -26.14105427        65.65028492       -28.22209277        100.7807239       -7.669451555        13.23872024
        1778279.41        -27.0578506        66.41109434       -28.94924286        99.70172183       -7.723770657        12.22424323
       1905460.718       -27.96111029        67.22756149       -29.68029873        98.72815269       -7.771665666        11.29354976
       2041737.945       -28.85402887        68.09294151       -30.41746089        97.85870818       -7.813971796         10.4374752
       2187761.624       -29.73991196        69.00495992       -31.16297979        97.09556347       -7.851435064        9.648219726
       2344228.815       -30.62215058         69.9661172       -31.91915724        96.44468825       -7.884719326        8.919110509
       2511886.432       -31.50418614         70.9841548       -32.68833535        95.91634967       -7.914413658        8.244413421
       2691534.804       -32.38945762        72.07271213       -33.47286433        95.52583042       -7.941039496         7.61918344
       2884031.503       -33.28131839        73.25221009        -34.2750367         95.2943906       -7.965057223        7.039145054
       3090295.433       -34.18290365        74.55099543       -35.09696843        95.25050123       -7.986871998        6.500595937
       3311311.215       -35.09691873        76.00676263       -35.94039756        95.43136033       -8.006838775        6.000328505
       3548133.892       -36.02530376        77.66821767       -36.80635595        95.88465148       -8.025266468        5.535565021
       3801893.963       -36.96870935        79.59682496       -37.69464934        96.67038199       -8.042421336        5.103902676
       4073802.778       -37.92569443        81.86821657       -38.60305718        97.86237767        -8.05852963        4.703265732
       4365158.322       -38.89154106        84.57233478       -39.52614751        99.54850332        -8.07377967        4.331862327
       4677351.413       -39.85660484        87.81048997       -40.45362604        101.8277899       -8.088323473        3.988144051
       5011872.336       -40.80425969          91.686216       -41.36827836        104.8013505       -8.102278151        3.670766897
       5370317.964       -41.70888489        96.28559362        -42.2439538        108.5527558       -8.115727274        3.378552721
       5754399.373       -42.53510067         101.643477       -43.04479718        113.1143039       -8.128722427        3.110450902
       6165950.019       -43.24036071        107.6986195       -43.72783737        118.4221827       -8.141285157        2.865500432
        6606934.48       -43.78292071        114.2556549       -44.25095163        124.2784802       -8.153409468        2.642793215
       7079457.844       -44.13434707        120.9865264       -44.58537022        130.3526365       -8.165064967        2.441439705
        7585775.75       -44.29066152        127.4937822       -44.72681707        136.2447585       -8.176200673        2.260538274
       8128305.162       -44.27448599        133.4134908       -44.69765079        141.5885479       -8.186749404        2.099149678
         8709635.9       -44.12652991        138.4988206       -44.53834849        146.1348918       -8.196632597        1.956277787
       9332543.008       -43.89265205        142.6438327       -44.29456429        149.7756616       -8.205765316        1.830857252
          10000000       -43.61383091        145.8561088       -44.00709663        152.5163458       -8.214061222        1.721748294
#LISO analog circuit simulation 2.03 (Oct 28 2011) gerhard.heinzel@aei.mpg.de
#  Input file liso5.fil, Output file liso5.out, Gnuplot file liso5.gnu
#
#
#2 capacitors:
#  0 c2 4.7 nF nsum GND
#  1 c5 122 pF no nm
#1 op-amp:
#  0 op1 op27 '+'=GND '-'=nm 'out'=no a0=1.5M gbw=8 MHz
#       un=3.2 nV/sqrt(Hz) uc=2.7 Hz in=400 fA/sqrt(Hz) ic=140 Hz
#       umax=12 V imax=20 mA sr=2.8 V/us delay=0 s***DEFAULT
#       pole at 6 MHz (real)
#4 resistors:
#  0 r1 100 Ohm nin nsum
#  1 r3 1.075 kOhm no nsum
#  2 r4 42.2 Ohm nsum nm
#  3 r6 65 Ohm nin GND
#4 nodes:
#  0 nin
#  1 nsum
#  2 no
#  3 nm
#Logarithmic frequency scale from 10 kHz to 10 MHz in 100 steps.
#Resistor scale factor is 131.041 Ohm
#Capacitor scale factor is 757.232 pF
#Inductance scale factor is 13.0031 uH
#Voltage scale factor is 1 V
#Current scale factor is 7.63118 mA
#Frequency scale factor is 10.0777 MHz
#Current input into node nin, impedance 50 Ohm
#OUTPUT 3 current outputs:
#  0 OP:op1 dB Degrees
#  1 C:c5 dB Degrees
#  2 C:c2 dB Degrees
#1 GNUPLOT terminals:
# no.0 (fil.ini no.0) file=0
# command=set term x11 persist
#set size ratio .5
#set key below
#set grid xtics ytics
#
