#** Path to fil.ini is /home/sean/Workspace/LISO/c/filter/fil.ini
#** Path to opamp.lib is /home/sean/Workspace/LISO/c/filter/opamp.lib
             10000        20.62967978        178.4681354       -39.99817652        179.0304175
       10715.19305        20.62991351        178.3585118       -39.99789728         178.961006
       11481.53621        20.63018183        178.2410328       -39.99757672        178.8866147
       12302.68771        20.63048984        178.1151332       -39.99720871        178.8068838
       13182.56739        20.63084341        177.9802064       -39.99678626         178.721427
       14125.37545        20.63124927        177.8356015       -39.99630132        178.6298294
       15135.61248        20.63171513        177.6806199       -39.99574467        178.5316451
       16218.10097        20.63224983        177.5145115       -39.99510572        178.4263948
       17378.00829        20.63286353        177.3364705       -39.99437234        178.3135631
       18620.87137        20.63356785        177.1456316        -39.9935306        178.1925953
       19952.62315        20.63437614        176.9410646       -39.99256455        178.0628942
        21379.6209        20.63530365        176.7217692        -39.9914559        177.9238163
       22908.67653        20.63636791        176.4866697       -39.99018369        177.7746679
       24547.08916        20.63758894        176.2346079        -39.9887239        177.6147003
       26302.67992        20.63898968        175.9643367       -39.98704905        177.4431044
       28183.82931         20.6405964        175.6745118       -39.98512764        177.2590056
        30199.5172        20.64243909        175.3636829       -39.98292366        177.0614564
       32359.36569        20.64455206        175.0302845       -39.98039591        176.8494296
       34673.68505        20.64697449         174.672624       -39.97749731        176.6218093
       37153.52291        20.64975106          174.28887       -39.97417409        176.3773811
       39810.71706        20.65293272        173.8770378       -39.97036488        176.1148212
       42657.95188        20.65657748        173.4349734       -39.96599972        175.8326827
       45708.81896        20.66075127        172.9603353       -39.96099895        175.5293809
       48977.88194        20.66552895        172.4505727       -39.95527199        175.2031749
       52480.74602        20.67099529        171.9029017         -39.948716        174.8521469
       56234.13252        20.67724613        171.3142763       -39.94121444        174.4741775
       60255.95861        20.68438945        170.6813553       -39.93263557        174.0669159
        64565.4229        20.69254654        170.0004632       -39.92283089        173.6277455
       69183.09709        20.70185305        169.2675445       -39.91163352        173.1537418
       74131.02413        20.71245989        168.4781093       -39.89885676        172.6416228
       79432.82347         20.7245339        167.6271685        -39.8842928        172.0876892
       85113.80382        20.73825797         166.709158       -39.86771176        171.4877521
       91201.08394        20.75383049        165.7178462       -39.84886149        170.8370469
        97723.7221        20.77146357        164.6462256       -39.82746835        170.1301282
       104712.8548         20.7913796        163.4863815       -39.80323948        169.3607443
       112201.8454        20.81380538        162.2293357       -39.77586758        168.5216854
       120226.4435        20.83896247        160.8648598       -39.74503904        167.6046009
       128824.9552        20.86705252        159.3812522       -39.71044711        166.5997812
       138038.4265        20.89823509        157.7650755       -39.67181226        165.4958984
       147910.8388        20.93259506        156.0008479       -39.62891287        164.2797008
       158489.3192        20.97009525        154.0706889       -39.58163033        162.9356601
       169824.3652        21.01050855        151.9539206       -39.53001455        161.4455744
       181970.0859        21.05332155        149.6266413       -39.47437763        159.7881403
         194984.46        21.09759962        147.0613023       -39.41542581        157.9385268
       208929.6131        21.14180056        144.2263542       -39.35444273        155.8680171
       223872.1139        21.18352239        141.0860817       -39.29353817        153.5438345
       239883.2919        21.21917149        137.6008295       -39.23597635        150.9293566
       257039.5783         21.2435445        133.7279381       -39.18659027        147.9850351
       275422.8703        21.24933713        129.4238608       -39.15226909        144.6704914
       295120.9227         21.2266348        124.6480648       -39.14246367        140.9483906
        316227.766        21.16251291        119.3693346       -39.16958279        136.7907118
       338844.1561        21.04097574        113.5747634       -39.24905092        132.1876981
       363078.0548        20.84355721          107.28075       -39.39870491        127.1588048
        389045.145        20.55089898        100.5435929       -39.63721412         121.763237
       416869.3835        20.14537938        93.46531919        -39.9814511        116.1057131
       446683.5922        19.61434076        86.18979193       -40.44326539        110.3324995
       478630.0923        18.95288095        78.88674442       -41.02669532        104.6153656
        512861.384        18.16503255        71.72702332       -41.72679465        99.12674296
       549540.8739        17.26276998        64.85740239       -42.53063429        94.01445424
       588843.6554        16.26331749        58.38359254       -43.42000661        89.38464007
       630957.3445        15.18591022        52.36528616       -44.37468018        85.29672861
       676082.9754        14.04908161        46.82129884       -45.37513221        81.76851612
       724435.9601        12.86898563         41.7399355       -46.40424957        78.78649305
       776247.1166        11.65871742        37.09007962       -47.44803479         76.3169212
       831763.7711        10.42832682        32.83041269        -48.4956216        74.31507653
       891250.9381        9.185196526        28.91595666       -49.53892728        72.73185601
        954992.586        7.934545739        25.30216774       -50.57217951        71.51798139
       1023292.992        6.679923582        21.94718737       -51.59145196        70.62640736
       1096478.196        5.423631972        18.81286433       -52.59426732        70.01354696
       1174897.555        4.167062099        15.86503097       -53.57928199        69.63979312
       1258925.412        2.910949983        13.07336695       -54.54604584        69.46966326
       1348962.883        1.655564513         10.4110622       -55.49482278        69.47177027
       1445439.771       0.4008425537        7.854404865       -56.42645718        69.61873708
       1548816.619      -0.8535159154        5.382364115        -57.3422735         69.8871175
       1659586.907       -2.107982141        2.976203883       -58.24399909        70.25735484
        1778279.41       -3.363154333       0.6191435723       -59.13370301        70.71379432
       1905460.718       -4.619728717       -1.703929107        -60.0137457        71.24476001
       2041737.945        -5.87848143       -4.006693774       -60.88673514         71.8427076
       2187761.624       -7.140257922       -6.301584755       -61.75548617        72.50446883
       2344228.815       -8.405967416        -8.59993453       -62.62297843        73.23160974
       2511886.432       -9.676580544       -10.91207781       -63.49230751        74.03093159
       2691534.804       -10.95312873       -13.24742069       -64.36662063         74.9151503
       2884031.503       -12.23670414       -15.61447917       -65.24902432        75.90379397
       3090295.433       -13.52845922       -18.02089131       -66.14244427        77.02435551
       3311311.215       -14.82960505       -20.47340733       -67.04940756        78.31371898
       3548133.892       -16.14140774       -22.97786242       -67.97170219        79.81982536
       3801893.963       -17.46518228       -25.53913737       -68.90984864        81.60341971
       4073802.778       -18.80228352       -28.16111303       -69.86229422        83.73945959
       4365158.322       -20.15409378       -30.84662508       -70.82422501        86.31725607
       4677351.413       -21.52200733       -33.59742603        -71.7859139        89.43752958
       5011872.336       -22.90741182       -36.41416199       -72.73066328        93.20326311
       5370317.964       -24.31166723       -39.29637098       -73.63279048        97.70002313
       5754399.373        -25.7360834       -42.24250893       -74.45686185        102.9621837
       6165950.019       -27.18189719        -45.2500076       -75.16028418        108.9280496
        6606934.48        -28.6502508       -48.31536631       -75.70127218        115.4018356
       7079457.844       -30.14217286       -51.43427608       -76.05135636        122.0550925
        7585775.75       -31.65856372       -54.60177147       -76.20652701        128.4900012
       8128305.162       -33.20018629       -57.81240208       -76.18937843        134.3422855
         8709635.9       -34.76766328       -61.06041285       -76.04059582        139.3647904
       9332543.008       -36.36148108       -64.33992067       -75.80601672         143.451273
          10000000       -37.98200011       -67.64507422         -75.526601        146.6090293
#LISO analog circuit simulation 2.03 (Oct 28 2011) gerhard.heinzel@aei.mpg.de
#  Input file liso4.fil, Output file liso4.out, Gnuplot file liso4.gnu
#
#
#2 capacitors:
#  0 c2 4.7 nF nsum GND
#  1 c5 122 pF no nm
#1 op-amp:
#  0 op1 op27 '+'=GND '-'=nm 'out'=no a0=1.5M gbw=8 MHz
#       un=3.2 nV/sqrt(Hz) uc=2.7 Hz in=400 fA/sqrt(Hz) ic=140 Hz
#       umax=12 V imax=20 mA sr=2.8 V/us delay=0 s***DEFAULT
#       pole at 6 MHz (real)
#4 resistors:
#  0 r1 100 Ohm nin nsum
#  1 r3 1.075 kOhm no nsum
#  2 r4 42.2 Ohm nsum nm
#  3 r6 65 Ohm nin GND
#4 nodes:
#  0 nin
#  1 nsum
#  2 no
#  3 nm
#Logarithmic frequency scale from 10 kHz to 10 MHz in 100 steps.
#Resistor scale factor is 131.041 Ohm
#Capacitor scale factor is 757.232 pF
#Inductance scale factor is 13.0031 uH
#Voltage scale factor is 1 V
#Current scale factor is 7.63118 mA
#Frequency scale factor is 10.0777 MHz
#Voltage input at node nin, impedance 50 Ohm
#OUTPUT 1 voltage outputs:
#  0 node: no dB Degrees
#OUTPUT 1 current output:
#  0 OP:op1 dB Degrees
#1 GNUPLOT terminals:
# no.0 (fil.ini no.0) file=0
# command=set term x11 persist
#set size ratio .5
#set key below
#set grid xtics ytics
#
